This is pdfTeX, Version 3.14159265-2.6-1.40.16 (MiKTeX 2.9) (preloaded format=pdflatex 2016.3.30)  31 MAR 2016 00:38
entering extended mode
**./Lab2.tex
(Lab2.tex
LaTeX2e <2015/10/01> patch level 2
Babel <3.9n> and hyphenation patterns for 69 languages loaded.
("C:\Program Files (x86)\MiKTeX 2.9\tex\latex\base\article.cls"
Document Class: article 2014/09/29 v1.4h Standard LaTeX document class
("C:\Program Files (x86)\MiKTeX 2.9\tex\latex\base\size12.clo"
File: size12.clo 2014/09/29 v1.4h Standard LaTeX file (size option)
)
\c@part=\count79
\c@section=\count80
\c@subsection=\count81
\c@subsubsection=\count82
\c@paragraph=\count83
\c@subparagraph=\count84
\c@figure=\count85
\c@table=\count86
\abovecaptionskip=\skip41
\belowcaptionskip=\skip42
\bibindent=\dimen102
) (lab_style.sty
Package: lab_style 
("C:\Program Files (x86)\MiKTeX 2.9\tex\latex\amsmath\amsmath.sty"
Package: amsmath 2013/01/14 v2.14 AMS math features
\@mathmargin=\skip43

For additional information on amsmath, use the `?' option.
("C:\Program Files (x86)\MiKTeX 2.9\tex\latex\amsmath\amstext.sty"
Package: amstext 2000/06/29 v2.01

("C:\Program Files (x86)\MiKTeX 2.9\tex\latex\amsmath\amsgen.sty"
File: amsgen.sty 1999/11/30 v2.0
\@emptytoks=\toks14
\ex@=\dimen103
))
("C:\Program Files (x86)\MiKTeX 2.9\tex\latex\amsmath\amsbsy.sty"
Package: amsbsy 1999/11/29 v1.2d
\pmbraise@=\dimen104
)
("C:\Program Files (x86)\MiKTeX 2.9\tex\latex\amsmath\amsopn.sty"
Package: amsopn 1999/12/14 v2.01 operator names
)
\inf@bad=\count87
LaTeX Info: Redefining \frac on input line 210.
\uproot@=\count88
\leftroot@=\count89
LaTeX Info: Redefining \overline on input line 306.
\classnum@=\count90
\DOTSCASE@=\count91
LaTeX Info: Redefining \ldots on input line 378.
LaTeX Info: Redefining \dots on input line 381.
LaTeX Info: Redefining \cdots on input line 466.
\Mathstrutbox@=\box26
\strutbox@=\box27
\big@size=\dimen105
LaTeX Font Info:    Redeclaring font encoding OML on input line 566.
LaTeX Font Info:    Redeclaring font encoding OMS on input line 567.
\macc@depth=\count92
\c@MaxMatrixCols=\count93
\dotsspace@=\muskip10
\c@parentequation=\count94
\dspbrk@lvl=\count95
\tag@help=\toks15
\row@=\count96
\column@=\count97
\maxfields@=\count98
\andhelp@=\toks16
\eqnshift@=\dimen106
\alignsep@=\dimen107
\tagshift@=\dimen108
\tagwidth@=\dimen109
\totwidth@=\dimen110
\lineht@=\dimen111
\@envbody=\toks17
\multlinegap=\skip44
\multlinetaggap=\skip45
\mathdisplay@stack=\toks18
LaTeX Info: Redefining \[ on input line 2665.
LaTeX Info: Redefining \] on input line 2666.
)
("C:\Program Files (x86)\MiKTeX 2.9\tex\latex\tocloft\tocloft.sty"
Package: tocloft 2013/05/02 v2.3f parameterised ToC, etc., typesetting
Package tocloft Info: The document has section divisions on input line 44.
\cftparskip=\skip46
\cftbeforetoctitleskip=\skip47
\cftaftertoctitleskip=\skip48
\cftbeforepartskip=\skip49
\cftpartnumwidth=\skip50
\cftpartindent=\skip51
\cftbeforesecskip=\skip52
\cftsecindent=\skip53
\cftsecnumwidth=\skip54
\cftbeforesubsecskip=\skip55
\cftsubsecindent=\skip56
\cftsubsecnumwidth=\skip57
\cftbeforesubsubsecskip=\skip58
\cftsubsubsecindent=\skip59
\cftsubsubsecnumwidth=\skip60
\cftbeforeparaskip=\skip61
\cftparaindent=\skip62
\cftparanumwidth=\skip63
\cftbeforesubparaskip=\skip64
\cftsubparaindent=\skip65
\cftsubparanumwidth=\skip66
\cftbeforeloftitleskip=\skip67
\cftafterloftitleskip=\skip68
\cftbeforefigskip=\skip69
\cftfigindent=\skip70
\cftfignumwidth=\skip71
\c@lofdepth=\count99
\c@lotdepth=\count100
\cftbeforelottitleskip=\skip72
\cftafterlottitleskip=\skip73
\cftbeforetabskip=\skip74
\cfttabindent=\skip75
\cfttabnumwidth=\skip76
)
("C:\Program Files (x86)\MiKTeX 2.9\tex\latex\setspace\setspace.sty"
Package: setspace 2011/12/19 v6.7a set line spacing
)
("C:\Program Files (x86)\MiKTeX 2.9\tex\latex\titlesec\titlesec.sty"
Package: titlesec 2016/03/21 v2.10.2 Sectioning titles
\ttl@box=\box28
\beforetitleunit=\skip77
\aftertitleunit=\skip78
\ttl@plus=\dimen112
\ttl@minus=\dimen113
\ttl@toksa=\toks19
\titlewidth=\dimen114
\titlewidthlast=\dimen115
\titlewidthfirst=\dimen116
)
("C:\Program Files (x86)\MiKTeX 2.9\tex\latex\geometry\geometry.sty"
Package: geometry 2010/09/12 v5.6 Page Geometry

("C:\Program Files (x86)\MiKTeX 2.9\tex\latex\graphics\keyval.sty"
Package: keyval 2014/10/28 v1.15 key=value parser (DPC)
\KV@toks@=\toks20
)
("C:\Program Files (x86)\MiKTeX 2.9\tex\generic\oberdiek\ifpdf.sty"
Package: ifpdf 2011/01/30 v2.3 Provides the ifpdf switch (HO)
Package ifpdf Info: pdfTeX in PDF mode is detected.
)
("C:\Program Files (x86)\MiKTeX 2.9\tex\generic\oberdiek\ifvtex.sty"
Package: ifvtex 2010/03/01 v1.5 Detect VTeX and its facilities (HO)
Package ifvtex Info: VTeX not detected.
)
("C:\Program Files (x86)\MiKTeX 2.9\tex\generic\ifxetex\ifxetex.sty"
Package: ifxetex 2010/09/12 v0.6 Provides ifxetex conditional
)
\Gm@cnth=\count101
\Gm@cntv=\count102
\c@Gm@tempcnt=\count103
\Gm@bindingoffset=\dimen117
\Gm@wd@mp=\dimen118
\Gm@odd@mp=\dimen119
\Gm@even@mp=\dimen120
\Gm@layoutwidth=\dimen121
\Gm@layoutheight=\dimen122
\Gm@layouthoffset=\dimen123
\Gm@layoutvoffset=\dimen124
\Gm@dimlist=\toks21

("C:\Program Files (x86)\MiKTeX 2.9\tex\latex\geometry\geometry.cfg"))
("C:\Program Files (x86)\MiKTeX 2.9\tex\latex\graphics\graphicx.sty"
Package: graphicx 2014/10/28 v1.0g Enhanced LaTeX Graphics (DPC,SPQR)

("C:\Program Files (x86)\MiKTeX 2.9\tex\latex\graphics\graphics.sty"
Package: graphics 2014/10/28 v1.0p Standard LaTeX Graphics (DPC,SPQR)

("C:\Program Files (x86)\MiKTeX 2.9\tex\latex\graphics\trig.sty"
Package: trig 1999/03/16 v1.09 sin cos tan (DPC)
)
("C:\Program Files (x86)\MiKTeX 2.9\tex\latex\00miktex\graphics.cfg"
File: graphics.cfg 2007/01/18 v1.5 graphics configuration of teTeX/TeXLive
)
Package graphics Info: Driver file: pdftex.def on input line 94.

("C:\Program Files (x86)\MiKTeX 2.9\tex\latex\pdftex-def\pdftex.def"
File: pdftex.def 2011/05/27 v0.06d Graphics/color for pdfTeX

("C:\Program Files (x86)\MiKTeX 2.9\tex\generic\oberdiek\infwarerr.sty"
Package: infwarerr 2010/04/08 v1.3 Providing info/warning/error messages (HO)
)
("C:\Program Files (x86)\MiKTeX 2.9\tex\generic\oberdiek\ltxcmds.sty"
Package: ltxcmds 2011/11/09 v1.22 LaTeX kernel commands for general use (HO)
)
\Gread@gobject=\count104
))
\Gin@req@height=\dimen125
\Gin@req@width=\dimen126
)
("C:\Program Files (x86)\MiKTeX 2.9\tex\latex\caption\caption.sty"
Package: caption 2016/02/21 v3.3-144 Customizing captions (AR)

("C:\Program Files (x86)\MiKTeX 2.9\tex\latex\caption\caption3.sty"
Package: caption3 2016/02/04 v1.7-139 caption3 kernel (AR)
Package caption3 Info: TeX engine: e-TeX on input line 67.
\captionmargin=\dimen127
\captionmargin@=\dimen128
\captionwidth=\dimen129
\caption@tempdima=\dimen130
\caption@indent=\dimen131
\caption@parindent=\dimen132
\caption@hangindent=\dimen133
)
Package caption Info: We need package `newfloat' on input line 292.

("C:\Program Files (x86)\MiKTeX 2.9\tex\latex\caption\newfloat.sty"
Package: newfloat 2015/09/17 v1.1-109 Defining new floating environments (AR)
)
\c@ContinuedFloat=\count105
)
("C:\Program Files (x86)\MiKTeX 2.9\tex\latex\tools\layout.sty"
Package: layout 2014/10/28 v1.2c Show layout parameters
\oneinch=\count106
\cnt@paperwidth=\count107
\cnt@paperheight=\count108
\cnt@hoffset=\count109
\cnt@voffset=\count110
\cnt@textheight=\count111
\cnt@textwidth=\count112
\cnt@topmargin=\count113
\cnt@oddsidemargin=\count114
\cnt@evensidemargin=\count115
\cnt@headheight=\count116
\cnt@headsep=\count117
\cnt@marginparsep=\count118
\cnt@marginparwidth=\count119
\cnt@marginparpush=\count120
\cnt@footskip=\count121
\fheight=\count122
\ref@top=\count123
\ref@hoffset=\count124
\ref@voffset=\count125
\ref@head=\count126
\ref@body=\count127
\ref@foot=\count128
\ref@margin=\count129
\ref@marginwidth=\count130
\ref@marginpar=\count131
\Interval=\count132
\ExtraYPos=\count133
\PositionX=\count134
\PositionY=\count135
\ArrowLength=\count136
)
("C:\Program Files (x86)\MiKTeX 2.9\tex\latex\fancyhdr\fancyhdr.sty"
\fancy@headwidth=\skip79
\f@ncyO@elh=\skip80
\f@ncyO@erh=\skip81
\f@ncyO@olh=\skip82
\f@ncyO@orh=\skip83
\f@ncyO@elf=\skip84
\f@ncyO@erf=\skip85
\f@ncyO@olf=\skip86
\f@ncyO@orf=\skip87
)
("C:\Program Files (x86)\MiKTeX 2.9\tex\latex\base\inputenc.sty"
Package: inputenc 2015/03/17 v1.2c Input encoding file
\inpenc@prehook=\toks22
\inpenc@posthook=\toks23

("C:\Program Files (x86)\MiKTeX 2.9\tex\latex\ucs\utf8x.def"
File: utf8x.def 2004/10/17 UCS: Input encoding UTF-8
))
("C:\Program Files (x86)\MiKTeX 2.9\tex\latex\ucs\ucs.sty"
Package: ucs 2013/05/11 v2.2 UCS: Unicode input support

("C:\Program Files (x86)\MiKTeX 2.9\tex\latex\ucs\uni-global.def"
File: uni-global.def 2013/05/13 UCS: Unicode global data
)
\uc@secondtry=\count137
\uc@combtoks=\toks24
\uc@combtoksb=\toks25
\uc@temptokena=\toks26
)
("C:\Program Files (x86)\MiKTeX 2.9\tex\latex\multirow\multirow.sty"
\bigstrutjot=\dimen134
)
("C:\Program Files (x86)\MiKTeX 2.9\tex\latex\oberdiek\epstopdf.sty"
Package: epstopdf 2010/02/09 v2.5 Conversion with epstopdf on the fly (HO)

("C:\Program Files (x86)\MiKTeX 2.9\tex\latex\oberdiek\epstopdf-base.sty"
Package: epstopdf-base 2010/02/09 v2.5 Base part for package epstopdf

("C:\Program Files (x86)\MiKTeX 2.9\tex\latex\oberdiek\grfext.sty"
Package: grfext 2010/08/19 v1.1 Manage graphics extensions (HO)

("C:\Program Files (x86)\MiKTeX 2.9\tex\generic\oberdiek\kvdefinekeys.sty"
Package: kvdefinekeys 2011/04/07 v1.3 Define keys (HO)
))
("C:\Program Files (x86)\MiKTeX 2.9\tex\latex\oberdiek\kvoptions.sty"
Package: kvoptions 2011/06/30 v3.11 Key value format for package options (HO)

("C:\Program Files (x86)\MiKTeX 2.9\tex\generic\oberdiek\kvsetkeys.sty"
Package: kvsetkeys 2012/04/25 v1.16 Key value parser (HO)

("C:\Program Files (x86)\MiKTeX 2.9\tex\generic\oberdiek\etexcmds.sty"
Package: etexcmds 2011/02/16 v1.5 Avoid name clashes with e-TeX commands (HO)

("C:\Program Files (x86)\MiKTeX 2.9\tex\generic\oberdiek\ifluatex.sty"
Package: ifluatex 2010/03/01 v1.3 Provides the ifluatex switch (HO)
Package ifluatex Info: LuaTeX not detected.
)
Package etexcmds Info: Could not find \expanded.
(etexcmds)             That can mean that you are not using pdfTeX 1.50 or
(etexcmds)             that some package has redefined \expanded.
(etexcmds)             In the latter case, load this package earlier.
)))
("C:\Program Files (x86)\MiKTeX 2.9\tex\generic\oberdiek\pdftexcmds.sty"
Package: pdftexcmds 2011/11/29 v0.20 Utility functions of pdfTeX for LuaTeX (HO
)
Package pdftexcmds Info: LuaTeX not detected.
Package pdftexcmds Info: \pdf@primitive is available.
Package pdftexcmds Info: \pdf@ifprimitive is available.
Package pdftexcmds Info: \pdfdraftmode found.
)
Package grfext Info: Graphics extension search list:
(grfext)             [.png,.pdf,.jpg,.mps,.jpeg,.jbig2,.jb2,.PNG,.PDF,.JPG,.JPE
G,.JBIG2,.JB2,.eps]
(grfext)             \AppendGraphicsExtensions on input line 452.
))
("C:\Program Files (x86)\MiKTeX 2.9\tex\latex\pbox\pbox.sty"
Package: pbox 2011/12/07 v1.2 Dynamic parboxes

("C:\Program Files (x86)\MiKTeX 2.9\tex\latex\tools\calc.sty"
Package: calc 2014/10/28 v4.3 Infix arithmetic (KKT,FJ)
\calc@Acount=\count138
\calc@Bcount=\count139
\calc@Adimen=\dimen135
\calc@Bdimen=\dimen136
\calc@Askip=\skip88
\calc@Bskip=\skip89
LaTeX Info: Redefining \setlength on input line 80.
LaTeX Info: Redefining \addtolength on input line 81.
\calc@Ccount=\count140
\calc@Cskip=\skip90
)
("C:\Program Files (x86)\MiKTeX 2.9\tex\latex\base\ifthen.sty"
Package: ifthen 2014/09/29 v1.1c Standard LaTeX ifthen package (DPC)
)
\pb@xlen=\skip91
)
("C:\Program Files (x86)\MiKTeX 2.9\tex\latex\mwe\mwe.sty"
Package: mwe 2012/05/15 v0.3 Package to support minimal working examples (MWE)

("C:\Program Files (x86)\MiKTeX 2.9\tex\latex\lipsum\lipsum.sty"
Package: lipsum 2014/07/27 v1.3 150 paragraphs of Lorem Ipsum dummy text
\c@lips@count=\count141
)
("C:\Program Files (x86)\MiKTeX 2.9\tex\latex\blindtext\blindtext.sty"
Package: blindtext 2012/01/06 V2.0 blindtext-Package

("C:\Program Files (x86)\MiKTeX 2.9\tex\latex\tools\xspace.sty"
Package: xspace 2014/10/28 v1.13 Space after command names (DPC,MH)
)
\c@blindtext=\count142
\c@Blindtext=\count143
\c@blind@countparstart=\count144
\blind@countxx=\count145
\blindtext@numBlindtext=\count146
\blind@countyy=\count147
\c@blindlist=\count148
\c@blindlistlevel=\count149
\c@blindlist@level=\count150
\blind@listitem=\count151
\c@blind@listcount=\count152
\c@blind@levelcount=\count153
\blind@mathformula=\count154
\blind@Mathformula=\count155
\c@blind@randomcount=\count156
\c@blind@randommax=\count157
\c@blind@pangramcount=\count158
\c@blind@pangrammax=\count159
))
("C:\Program Files (x86)\MiKTeX 2.9\tex\latex\subfig\subfig.sty"
Package: subfig 2005/06/28 ver: 1.3 subfig package
\c@KVtest=\count160
\sf@farskip=\skip92
\sf@captopadj=\dimen137
\sf@capskip=\skip93
\sf@nearskip=\skip94
\c@subfigure=\count161
\c@subfigure@save=\count162
\c@subtable=\count163
\c@subtable@save=\count164
\sf@top=\skip95
\sf@bottom=\skip96
)
("C:\Program Files (x86)\MiKTeX 2.9\tex\latex\enumitem\enumitem.sty"
Package: enumitem 2011/09/28 v3.5.2 Customized lists
\labelindent=\skip97
\enit@outerparindent=\dimen138
\enit@toks=\toks27
\enit@inbox=\box29
\enitdp@description=\count165
)
("C:\Program Files (x86)\MiKTeX 2.9\tex\latex\url\url.sty"
\Urlmuskip=\muskip11
Package: url 2013/09/16  ver 3.4  Verb mode for urls, etc.
)
("C:\Program Files (x86)\MiKTeX 2.9\tex\latex\footmisc\footmisc.sty"
Package: footmisc 2011/06/06 v5.5b a miscellany of footnote facilities
\FN@temptoken=\toks28
\footnotemargin=\dimen139
\c@pp@next@reset=\count166
Package footmisc Info: Declaring symbol style bringhurst on input line 855.
Package footmisc Info: Declaring symbol style chicago on input line 863.
Package footmisc Info: Declaring symbol style wiley on input line 872.
Package footmisc Info: Declaring symbol style lamport-robust on input line 883.

Package footmisc Info: Declaring symbol style lamport* on input line 903.
Package footmisc Info: Declaring symbol style lamport*-robust on input line 924
.
)
("C:\Program Files (x86)\MiKTeX 2.9\tex\latex\listings\listings.sty"
\lst@mode=\count167
\lst@gtempboxa=\box30
\lst@token=\toks29
\lst@length=\count168
\lst@currlwidth=\dimen140
\lst@column=\count169
\lst@pos=\count170
\lst@lostspace=\dimen141
\lst@width=\dimen142
\lst@newlines=\count171
\lst@lineno=\count172
\lst@maxwidth=\dimen143

("C:\Program Files (x86)\MiKTeX 2.9\tex\latex\listings\lstmisc.sty"
File: lstmisc.sty 2015/06/04 1.6 (Carsten Heinz)
\c@lstnumber=\count173
\lst@skipnumbers=\count174
\lst@framebox=\box31
)
("C:\Program Files (x86)\MiKTeX 2.9\tex\latex\listings\listings.cfg"
File: listings.cfg 2015/06/04 1.6 listings configuration
))
Package: listings 2015/06/04 1.6 (Carsten Heinz)

("C:\Program Files (x86)\MiKTeX 2.9\tex\latex\graphics\color.sty"
Package: color 2014/10/28 v1.1a Standard LaTeX Color (DPC)

("C:\Program Files (x86)\MiKTeX 2.9\tex\latex\00miktex\color.cfg"
File: color.cfg 2007/01/18 v1.5 color configuration of teTeX/TeXLive
)
Package color Info: Driver file: pdftex.def on input line 142.
)
("C:\Program Files (x86)\MiKTeX 2.9\tex\latex\rotating\rotating.sty"
Package: rotating 2009/03/28 v2.16a rotated objects in LaTeX
\c@r@tfl@t=\count175
\rotFPtop=\skip98
\rotFPbot=\skip99
\rot@float@box=\box32
\rot@mess@toks=\toks30
)
("C:\Program Files (x86)\MiKTeX 2.9\tex\latex\amsfonts\amssymb.sty"
Package: amssymb 2013/01/14 v3.01 AMS font symbols

("C:\Program Files (x86)\MiKTeX 2.9\tex\latex\amsfonts\amsfonts.sty"
Package: amsfonts 2013/01/14 v3.01 Basic AMSFonts support
\symAMSa=\mathgroup4
\symAMSb=\mathgroup5
LaTeX Font Info:    Overwriting math alphabet `\mathfrak' in version `bold'
(Font)                  U/euf/m/n --> U/euf/b/n on input line 106.
))
("C:\Program Files (x86)\MiKTeX 2.9\tex\latex\amscls\amsthm.sty"
Package: amsthm 2015/03/04 v2.20.2
\thm@style=\toks31
\thm@bodyfont=\toks32
\thm@headfont=\toks33
\thm@notefont=\toks34
\thm@headpunct=\toks35
\thm@preskip=\skip100
\thm@postskip=\skip101
\thm@headsep=\skip102
\dth@everypar=\toks36
)
("C:\Program Files (x86)\MiKTeX 2.9\tex\latex\tools\array.sty"
Package: array 2014/10/28 v2.4c Tabular extension package (FMi)
\col@sep=\dimen144
\extrarowheight=\dimen145
\NC@list=\toks37
\extratabsurround=\skip103
\backup@length=\skip104
)
("C:\Program Files (x86)\MiKTeX 2.9\tex\latex\placeins\placeins.sty"
Package: placeins 2005/04/18  v 2.2
)
("C:\Program Files (x86)\MiKTeX 2.9\tex\latex\booktabs\booktabs.sty"
Package: booktabs 2005/04/14 v1.61803 publication quality tables
\heavyrulewidth=\dimen146
\lightrulewidth=\dimen147
\cmidrulewidth=\dimen148
\belowrulesep=\dimen149
\belowbottomsep=\dimen150
\aboverulesep=\dimen151
\abovetopsep=\dimen152
\cmidrulesep=\dimen153
\cmidrulekern=\dimen154
\defaultaddspace=\dimen155
\@cmidla=\count176
\@cmidlb=\count177
\@aboverulesep=\dimen156
\@belowrulesep=\dimen157
\@thisruleclass=\count178
\@lastruleclass=\count179
\@thisrulewidth=\dimen158
)
("C:\Program Files (x86)\MiKTeX 2.9\tex\generic\babel\babel.sty"
Package: babel 2016/01/08 3.9n The Babel package

*************************************
* Local config file bblopts.cfg used
*
("C:\Program Files (x86)\MiKTeX 2.9\tex\latex\00miktex\bblopts.cfg"
File: bblopts.cfg 2006/07/31 v1.0 MiKTeX 'babel' configuration
)
("C:\Program Files (x86)\MiKTeX 2.9\tex\latex\babel-romanian\romanian.ldf"
Language: romanian 2005/03/31 v1.2l Romanian support from the babel system

("C:\Program Files (x86)\MiKTeX 2.9\tex\generic\babel\babel.def"
File: babel.def 2016/01/08 3.9n Babel common definitions
\babel@savecnt=\count180
\U@D=\dimen159
))
("C:\Program Files (x86)\MiKTeX 2.9\tex\latex\babel-english\english.ldf"
Language: english 2012/08/20 v3.3p English support from the babel system
\l@canadian = a dialect from \language\l@american 
\l@australian = a dialect from \language\l@british 
\l@newzealand = a dialect from \language\l@british 
))
\c@theorem=\count181

("C:\Program Files (x86)\MiKTeX 2.9\tex\latex\titlesec\ttlkeys.def"
File: ttlkeys.def 2016/03/15
))
("C:\Program Files (x86)\MiKTeX 2.9\tex\latex\pdfpages\pdfpages.sty"
Package: pdfpages 2015/09/18 v0.5d Insert pages of external PDF documents (AM)

("C:\Program Files (x86)\MiKTeX 2.9\tex\latex\eso-pic\eso-pic.sty"
Package: eso-pic 2015/07/21 v2.0g eso-pic (RN)

("C:\Program Files (x86)\MiKTeX 2.9\tex\generic\oberdiek\atbegshi.sty"
Package: atbegshi 2011/10/05 v1.16 At begin shipout hook (HO)
))
\AM@pagewidth=\dimen160
\AM@pageheight=\dimen161

("C:\Program Files (x86)\MiKTeX 2.9\tex\latex\pdfpages\pppdftex.def"
File: pppdftex.def 2015/09/18 v0.5d Pdfpages driver for pdfTeX (AM)
)
\AM@pagebox=\box33
\AM@toc@title=\toks38
\c@AM@survey=\count182
\AM@templatesizebox=\box34
)
(Lab2.aux

LaTeX Warning: Label `Ojala' multiply defined.


LaTeX Warning: Label `Ojala' multiply defined.


LaTeX Warning: Label `Ojala' multiply defined.


LaTeX Warning: Label `Ojala' multiply defined.

)
\openout1 = `Lab2.aux'.

LaTeX Font Info:    Checking defaults for OML/cmm/m/it on input line 7.
LaTeX Font Info:    ... okay on input line 7.
LaTeX Font Info:    Checking defaults for T1/cmr/m/n on input line 7.
LaTeX Font Info:    ... okay on input line 7.
LaTeX Font Info:    Checking defaults for OT1/cmr/m/n on input line 7.
LaTeX Font Info:    ... okay on input line 7.
LaTeX Font Info:    Checking defaults for OMS/cmsy/m/n on input line 7.
LaTeX Font Info:    ... okay on input line 7.
LaTeX Font Info:    Checking defaults for OMX/cmex/m/n on input line 7.
LaTeX Font Info:    ... okay on input line 7.
LaTeX Font Info:    Checking defaults for U/cmr/m/n on input line 7.
LaTeX Font Info:    ... okay on input line 7.

*geometry* driver: auto-detecting
*geometry* detected driver: pdftex
*geometry* verbose mode - [ preamble ] result:
* driver: pdftex
* paper: a4paper
* layout: <same size as paper>
* layoutoffset:(h,v)=(0.0pt,0.0pt)
* modes: 
* h-part:(L,W,R)=(56.9055pt, 512.14963pt, 28.45274pt)
* v-part:(T,H,B)=(56.9055pt, 731.23584pt, 56.9055pt)
* \paperwidth=597.50787pt
* \paperheight=845.04684pt
* \textwidth=512.14963pt
* \textheight=731.23584pt
* \oddsidemargin=-15.36449pt
* \evensidemargin=-15.36449pt
* \topmargin=-15.36449pt
* \headheight=0.0pt
* \headsep=0.0pt
* \topskip=12.0pt
* \footskip=28.45274pt
* \marginparwidth=35.0pt
* \marginparsep=10.0pt
* \columnsep=10.0pt
* \skip\footins=10.8pt plus 4.0pt minus 2.0pt
* \hoffset=0.0pt
* \voffset=0.0pt
* \mag=1000
* \@twocolumnfalse
* \@twosidefalse
* \@mparswitchfalse
* \@reversemarginfalse
* (1in=72.27pt=25.4mm, 1cm=28.453pt)

("C:\Program Files (x86)\MiKTeX 2.9\tex\context\base\supp-pdf.mkii"
[Loading MPS to PDF converter (version 2006.09.02).]
\scratchcounter=\count183
\scratchdimen=\dimen162
\scratchbox=\box35
\nofMPsegments=\count184
\nofMParguments=\count185
\everyMPshowfont=\toks39
\MPscratchCnt=\count186
\MPscratchDim=\dimen163
\MPnumerator=\count187
\makeMPintoPDFobject=\count188
\everyMPtoPDFconversion=\toks40
)
Package caption Info: Begin \AtBeginDocument code.
Package caption Info: subfig package v1.3 is loaded.
Package caption Info: listings package is loaded.
Package caption Info: rotating package is loaded.
Package caption Info: End \AtBeginDocument code.
 ("C:\Program Files (x86)\MiKTeX 2.9\tex\latex\ucs\ucsencs.def"
File: ucsencs.def 2011/01/21 Fixes to fontencodings LGR, T3
)
\c@lstlisting=\count189
\AtBeginShipoutBox=\box36

("C:\Program Files (x86)\MiKTeX 2.9\tex\latex\oberdiek\pdflscape.sty"
Package: pdflscape 2008/08/11 v0.10 Display of landscape pages in PDF (HO)

("C:\Program Files (x86)\MiKTeX 2.9\tex\latex\graphics\lscape.sty"
Package: lscape 2000/10/22 v3.01 Landscape Pages (DPC)
)
Package pdflscape Info: Auto-detected driver: pdftex on input line 80.
) (Title.tex
LaTeX Font Info:    Try loading font information for U+msa on input line 40.
("C:\Program Files (x86)\MiKTeX 2.9\tex\latex\amsfonts\umsa.fd"
File: umsa.fd 2013/01/14 v3.01 AMS symbols A
)
LaTeX Font Info:    Try loading font information for U+msb on input line 40.

("C:\Program Files (x86)\MiKTeX 2.9\tex\latex\amsfonts\umsb.fd"
File: umsb.fd 2013/01/14 v3.01 AMS symbols B
) [1

{C:/Users/Ion/AppData/Local/MiKTeX/2.9/pdftex/config/pdftex.map}]) (Introductio
n.tex
[10


]) (Chapter_1.tex ("C:\Program Files (x86)\MiKTeX 2.9\tex\latex\ucs\uni-1.def"
File: uni-1.def 2013/05/13 UCS: Unicode data U+0100..U+01FF
) ("C:\Program Files (x86)\MiKTeX 2.9\tex\latex\ucs\uni-2.def"
File: uni-2.def 2013/05/13 UCS: Unicode data U+0200..U+02FF
)
("C:\Program Files (x86)\MiKTeX 2.9\tex\latex\ucs\uni-0.def"
File: uni-0.def 2013/05/13 UCS: Unicode data U+0000..U+00FF
)
<../../../../../../../../MEGA/midps/GitHub-Logo.png, id=12, 150.5625pt x 150.56
25pt>
File: ../../../../../../../../MEGA/midps/GitHub-Logo.png Graphic file (type png
)
 <use ../../../../../../../../MEGA/midps/GitHub-Logo.png>
Package pdftex.def Info: ../../../../../../../../MEGA/midps/GitHub-Logo.png use
d on input line 32.
(pdftex.def)             Requested size: 358.50317pt x 358.5752pt.
 [11


]
<../../../../../../../../MEGA/midps/addkey.png, id=17, 727.71875pt x 95.35625pt
>
File: ../../../../../../../../MEGA/midps/addkey.png Graphic file (type png)
 <use ../../../../../../../../MEGA/midps/addkey.png>
Package pdftex.def Info: ../../../../../../../../MEGA/midps/addkey.png used on 
input line 38.
(pdftex.def)             Requested size: 358.50317pt x 46.97813pt.

<../../../../../../../../MEGA/midps/ssh_authenticating.png, id=18, 565.11125pt 
x 78.2925pt>
File: ../../../../../../../../MEGA/midps/ssh_authenticating.png Graphic file (t
ype png)
 <use ../../../../../../../../MEGA/midps/ssh_authenticating.png>
Package pdftex.def Info: ../../../../../../../../MEGA/midps/ssh_authenticating.
png used on input line 41.
(pdftex.def)             Requested size: 358.50317pt x 49.66858pt.

<../../../../../../../../MEGA/midps/JavaCandR.png, id=19, 347.2975pt x 89.33376
pt>
File: ../../../../../../../../MEGA/midps/JavaCandR.png Graphic file (type png)
 <use ../../../../../../../../MEGA/midps/JavaCandR.png>
Package pdftex.def Info: ../../../../../../../../MEGA/midps/JavaCandR.png used 
on input line 48.
(pdftex.def)             Requested size: 358.50317pt x 92.21925pt.
 [12 <../../../../../../../../MEGA/midps/GitHub-Logo.png (PNG copy)> <../../../
../../../../../MEGA/midps/addkey.png (PNG copy)> <../../../../../../../../MEGA/
midps/ssh_authenticating.png (PNG copy)>]
<../../../../../../../../MEGA/midps/C++CandR.png, id=23, 510.90875pt x 129.4837
5pt>
File: ../../../../../../../../MEGA/midps/C++CandR.png Graphic file (type png)
 <use ../../../../../../../../MEGA/midps/C++CandR.png>
Package pdftex.def Info: ../../../../../../../../MEGA/midps/C++CandR.png used o
n input line 54.
(pdftex.def)             Requested size: 358.50317pt x 90.8573pt.

<../../../../../../../../MEGA/midps/commituri.png, id=24, 548.0475pt x 277.035p
t>
File: ../../../../../../../../MEGA/midps/commituri.png Graphic file (type png)
 <use ../../../../../../../../MEGA/midps/commituri.png>
Package pdftex.def Info: ../../../../../../../../MEGA/midps/commituri.png used 
on input line 60.
(pdftex.def)             Requested size: 358.50317pt x 181.22464pt.

<../../../../../../../../MEGA/midps/newRep.png, id=25, 597.23125pt x 330.23375p
t>
File: ../../../../../../../../MEGA/midps/newRep.png Graphic file (type png)
 <use ../../../../../../../../MEGA/midps/newRep.png>
Package pdftex.def Info: ../../../../../../../../MEGA/midps/newRep.png used on 
input line 66.
(pdftex.def)             Requested size: 358.50317pt x 198.23247pt.

<../../../../../../../../MEGA/midps/rep.png, id=26, 326.21875pt x 189.70876pt>
File: ../../../../../../../../MEGA/midps/rep.png Graphic file (type png)

<use ../../../../../../../../MEGA/midps/rep.png>
Package pdftex.def Info: ../../../../../../../../MEGA/midps/rep.png used on inp
ut line 74.
(pdftex.def)             Requested size: 358.50317pt x 208.5008pt.
 [13 <../../../../../../../../MEGA/midps/JavaCandR.png (PNG copy)> <../../../..
/../../../../MEGA/midps/C++CandR.png (PNG copy)> <../../../../../../../../MEGA/
midps/commituri.png (PNG copy)> <../../../../../../../../MEGA/midps/newRep.png 
(PNG copy)>]
<../../../../../../../../MEGA/midps/2branch.png, id=30, 448.67625pt x 230.8625p
t>
File: ../../../../../../../../MEGA/midps/2branch.png Graphic file (type png)
 <use ../../../../../../../../MEGA/midps/2branch.png>
Package pdftex.def Info: ../../../../../../../../MEGA/midps/2branch.png used on
 input line 80.
(pdftex.def)             Requested size: 358.50317pt x 184.47183pt.

<../../../../../../../../MEGA/midps/Bend.png, id=31, 560.0925pt x 266.9975pt>
File: ../../../../../../../../MEGA/midps/Bend.png Graphic file (type png)

<use ../../../../../../../../MEGA/midps/Bend.png>
Package pdftex.def Info: ../../../../../../../../MEGA/midps/Bend.png used on in
put line 86.
(pdftex.def)             Requested size: 358.50317pt x 170.90631pt.

<../../../../../../../../MEGA/midps/Bendpush.png, id=32, 434.62375pt x 175.6562
5pt>
File: ../../../../../../../../MEGA/midps/Bendpush.png Graphic file (type png)
 <use ../../../../../../../../MEGA/midps/Bendpush.png>
Package pdftex.def Info: ../../../../../../../../MEGA/midps/Bendpush.png used o
n input line 91.
(pdftex.def)             Requested size: 358.50317pt x 144.89941pt.
 [14 <../../../../../../../../MEGA/midps/rep.png (PNG copy)> <../../../../../..
/../../MEGA/midps/2branch.png (PNG copy)> <../../../../../../../../MEGA/midps/B
end.png (PNG copy)>]
<../../../../../../../../MEGA/midps/Fend.png, id=36, 537.00626pt x 326.21875pt>
File: ../../../../../../../../MEGA/midps/Fend.png Graphic file (type png)
<use ../../../../../../../../MEGA/midps/Fend.png>
Package pdftex.def Info: ../../../../../../../../MEGA/midps/Fend.png used on in
put line 96.
(pdftex.def)             Requested size: 358.50317pt x 217.78392pt.

<../../../../../../../../MEGA/midps/Fendpush.png, id=37, 465.74pt x 162.6075pt>
File: ../../../../../../../../MEGA/midps/Fendpush.png Graphic file (type png)
<use ../../../../../../../../MEGA/midps/Fendpush.png>
Package pdftex.def Info: ../../../../../../../../MEGA/midps/Fendpush.png used o
n input line 100.
(pdftex.def)             Requested size: 358.50317pt x 125.17094pt.

<../../../../../../../../MEGA/midps/acceptareMaster.png, id=38, 769.87625pt x 5
24.96124pt>
File: ../../../../../../../../MEGA/midps/acceptareMaster.png Graphic file (type
 png)
 <use ../../../../../../../../MEGA/midps/acceptareMaster.png>
Package pdftex.def Info: ../../../../../../../../MEGA/midps/acceptareMaster.png
 used on input line 106.
(pdftex.def)             Requested size: 358.50317pt x 244.46492pt.

[15 <../../../../../../../../MEGA/midps/Bendpush.png (PNG copy)> <../../../../.
./../../../MEGA/midps/Fend.png (PNG copy)> <../../../../../../../../MEGA/midps/
Fendpush.png (PNG copy)>]
<../../../../../../../../MEGA/midps/branchaccept.png, id=43, 530.98375pt x 139.
52126pt>
File: ../../../../../../../../MEGA/midps/branchaccept.png Graphic file (type pn
g)
 <use ../../../../../../../../MEGA/midps/branchaccept.png>
Package pdftex.def Info: ../../../../../../../../MEGA/midps/branchaccept.png us
ed on input line 110.
(pdftex.def)             Requested size: 358.50317pt x 94.20258pt.

<../../../../../../../../MEGA/midps/trackremote.png, id=44, 446.66875pt x 146.5
475pt>
File: ../../../../../../../../MEGA/midps/trackremote.png Graphic file (type png
)
 <use ../../../../../../../../MEGA/midps/trackremote.png>
Package pdftex.def Info: ../../../../../../../../MEGA/midps/trackremote.png use
d on input line 118.
(pdftex.def)             Requested size: 358.50317pt x 117.62276pt.

<../../../../../../../../MEGA/midps/backtrack.png, id=45, 618.31pt x 378.41376p
t>
File: ../../../../../../../../MEGA/midps/backtrack.png Graphic file (type png)
 <use ../../../../../../../../MEGA/midps/backtrack.png>
Package pdftex.def Info: ../../../../../../../../MEGA/midps/backtrack.png used 
on input line 124.
(pdftex.def)             Requested size: 358.50317pt x 219.41661pt.
 [16 <../../../../../../../../MEGA/midps/acceptareMaster.png (PNG copy)> <../..
/../../../../../../MEGA/midps/branchaccept.png (PNG copy)> <../../../../../../.
./../MEGA/midps/trackremote.png (PNG copy)>]
<"../../../../../../../../MEGA/midps/Image 004".png, id=49, 355.3275pt x 107.40
125pt>
File: "../../../../../../../../MEGA/midps/Image 004".png Graphic file (type png
)
 <use "../../../../../../../../MEGA/midps/Image 004".png>
Package pdftex.def Info: "../../../../../../../../MEGA/midps/Image 004".png use
d on input line 133.
(pdftex.def)             Requested size: 358.50317pt x 108.36458pt.

<"../../../../../../../../MEGA/midps/Image 002".png, id=50, 465.74pt x 134.5025
pt>
File: "../../../../../../../../MEGA/midps/Image 002".png Graphic file (type png
)
 <use "../../../../../../../../MEGA/midps/Image 002".png>
Package pdftex.def Info: "../../../../../../../../MEGA/midps/Image 002".png use
d on input line 140.
(pdftex.def)             Requested size: 358.50317pt x 103.53644pt.

<"../../../../../../../../MEGA/midps/Image 003".png, id=51, 237.88875pt x 134.5
025pt>
File: "../../../../../../../../MEGA/midps/Image 003".png Graphic file (type png
)
 <use "../../../../../../../../MEGA/midps/Image 003".png>
Package pdftex.def Info: "../../../../../../../../MEGA/midps/Image 003".png use
d on input line 144.
(pdftex.def)             Requested size: 358.50317pt x 202.70757pt.
 [17 <../../../../../../../../MEGA/midps/backtrack.png (PNG copy)> <../../../..
/../../../../MEGA/midps/Image 004.png (PNG copy)> <../../../../../../../../MEGA
/midps/Image 002.png (PNG copy)>] [18 <../../../../../../../../MEGA/midps/Image
 003.png (PNG copy)>]) (Conclusions.tex [19


]) (biblio.tex) [20



]

Package caption Warning: Unused \captionsetup[subfigure] on input line 125.
See the caption package documentation for explanation.

(Lab2.aux)

LaTeX Warning: There were multiply-defined labels.

 ) 
Here is how much of TeX's memory you used:
 10514 strings out of 493634
 152806 string characters out of 3141320
 329246 words of memory out of 3000000
 13646 multiletter control sequences out of 15000+200000
 10746 words of font info for 40 fonts, out of 3000000 for 9000
 1025 hyphenation exceptions out of 8191
 49i,11n,45p,541b,479s stack positions out of 5000i,500n,10000p,200000b,50000s
<C:/Program Files (x86)/MiKTeX 2.9/fonts/type1/public/amsfonts/cm/cmbx12.pfb>
<C:/Program Files (x86)/MiKTeX 2.9/fonts/type1/public/amsfonts/cm/cmcsc10.pfb><
C:/Program Files (x86)/MiKTeX 2.9/fonts/type1/public/amsfonts/cm/cmr12.pfb><C:/
Program Files (x86)/MiKTeX 2.9/fonts/type1/public/amsfonts/cm/cmr6.pfb><C:/Prog
ram Files (x86)/MiKTeX 2.9/fonts/type1/public/amsfonts/cm/cmti12.pfb>
Output written on Lab2.pdf (12 pages, 298704 bytes).
PDF statistics:
 81 PDF objects out of 1000 (max. 8388607)
 0 named destinations out of 1000 (max. 500000)
 101 words of extra memory for PDF output out of 10000 (max. 10000000)

